[2m16:07:14.971[0m ℹ️  [32mINFO [0m[2m [DATABASE][0m Abriendo base de datos: C:\Users\portatil toshiba\Desktop\proyecto homevault\data\homevault.db
[2m16:07:15.007[0m 🔍 [36mDEBUG[0m[2m [DATABASE][0m SQL: PRAGMA journal_mode = WAL
[2m16:07:15.010[0m 🔍 [36mDEBUG[0m[2m [DATABASE][0m SQL: PRAGMA synchronous = NORMAL
[2m16:07:15.012[0m 🔍 [36mDEBUG[0m[2m [DATABASE][0m SQL: PRAGMA cache_size = -2000
[2m16:07:15.015[0m 🔍 [36mDEBUG[0m[2m [DATABASE][0m SQL: PRAGMA busy_timeout = 5000
[2m16:07:15.019[0m 🔍 [36mDEBUG[0m[2m [DATABASE][0m SQL: PRAGMA foreign_keys = ON
[2m16:07:15.020[0m 🔍 [36mDEBUG[0m[2m [DATABASE][0m SQL: PRAGMA temp_store = MEMORY
[2m16:07:15.021[0m 🔍 [36mDEBUG[0m[2m [DATABASE][0m SQL: PRAGMA journal_mode
[2m16:07:15.021[0m 🔍 [36mDEBUG[0m[2m [DATABASE][0m SQL: PRAGMA synchronous
[2m16:07:15.022[0m 🔍 [36mDEBUG[0m[2m [DATABASE][0m SQL: PRAGMA cache_size
[2m16:07:15.023[0m 🔍 [36mDEBUG[0m[2m [DATABASE][0m SQL: PRAGMA foreign_keys
[2m16:07:15.023[0m 🔍 [36mDEBUG[0m[2m [DATABASE][0m PRAGMAs aplicados {"journal_mode":"wal","synchronous":"1","cache_size":"-2000","foreign_keys":"1"}
[2m16:07:15.024[0m ℹ️  [32mINFO [0m[2m [DATABASE][0m Base de datos inicializada correctamente {"path":"C:\\Users\\portatil toshiba\\Desktop\\proyecto homevault\\data\\homevault.db","memoryTier":"normal","cacheSize":-2000}
[2m16:07:15.065[0m ℹ️  [32mINFO [0m[2m [ROUTER][0m Rutas API registradas: /api/health, /api/system/*, /api/docker, /api/files, /api/auth, /api/samba, /api/backup, /api/users, /api/store, /api/settings, /api/network, /api/vpn, /api/proxy, /api/security, /api/ups, /api/cloud, /api/hardware

═══════════════════════════════════════════════════════
  🏠 HomeVault Dashboard v1.0.0
═══════════════════════════════════════════════════════

  ▸ Servidor:       http://0.0.0.0:3000
  ▸ Entorno:        development
  ▸ Arquitectura:   x64 (x86_64 — modo servidor estándar)
  ▸ Plataforma:     win32
  ▸ CPU:            6 núcleos
  ▸ Memoria:        12123 MB (tier: normal)
  ▸ Hostname:       Tiny-M920Q
  ▸ Node.js:        v24.14.1
  ▸ Base de datos:  C:\Users\portatil toshiba\Desktop\proyecto homevault\data\homevault.db

[2m16:07:15.110[0m ℹ️  [32mINFO [0m[2m [SERVER][0m ✅ Servidor listo. API disponible en /api/*
═══════════════════════════════════════════════════════

[2m16:07:15.111[0m ℹ️  [32mINFO [0m[2m [SYSTEM-WATCHER][0m Iniciando System Watcher...
[2m16:07:15.112[0m ℹ️  [32mINFO [0m[2m [TELEMETRY-SERVICE][0m Inicializando Telemetry Service...
[2m16:07:15.113[0m ℹ️  [32mINFO [0m[2m [HARDWARE-SERVICE][0m Inicializando Hardware Service (Fans & Power)...
[2m16:07:15.114[0m ℹ️  [32mINFO [0m[2m [BACKUP-SERVICE][0m Inicializando Planificador de Backups (3-2-1 Rule)...
[2m16:07:15.114[0m ℹ️  [32mINFO [0m[2m [UPS-SERVICE][0m Iniciando monitor de energía UPS...
